\BOOKMARK [0][-]{Doc-Start}{Document Information}{}% 1
\BOOKMARK [0][-]{chapter.1}{OpenETCS traceability scope}{}% 2
\BOOKMARK [1][-]{section.1.1}{OpenETCS requirements with regards to standard engineering levels}{chapter.1}% 3
\BOOKMARK [1][-]{section.1.2}{OpenETCS models with regards to requirement engineering levels}{chapter.1}% 4
\BOOKMARK [0][-]{chapter.2}{OpenETCS traceability priorities}{}% 5
\BOOKMARK [0][-]{chapter.3}{OpenETCS traceability process and associated tool chain requirements}{}% 6
\BOOKMARK [1][-]{section.3.1}{Traceability Process}{chapter.3}% 7
\BOOKMARK [1][-]{section.3.2}{Tool chain capabilities to support requirement management and traceability}{chapter.3}% 8
\BOOKMARK [2][-]{subsection.3.2.1}{Requirement management capabilities}{section.3.2}% 9
\BOOKMARK [2][-]{subsection.3.2.2}{Requirement traceability capabilities}{section.3.2}% 10
\BOOKMARK [1][-]{section.3.3}{tooling existing components}{chapter.3}% 11
\BOOKMARK [1][-]{section.3.4}{First Solution}{chapter.3}% 12
\BOOKMARK [2][-]{subsection.3.4.1}{TODO ReqCycle Evaluation}{section.3.4}% 13
\BOOKMARK [2][-]{subsection.3.4.2}{TODO Reqtify Evaluation}{section.3.4}% 14
\BOOKMARK [0][-]{chapter.4}{Activities Details}{}% 15
\BOOKMARK [1][-]{section.4.1}{Subset-026 import}{chapter.4}% 16
\BOOKMARK [2][-]{subsection.4.1.1}{Script description}{section.4.1}% 17
\BOOKMARK [2][-]{subsection.4.1.2}{Unique ID definition}{section.4.1}% 18
\BOOKMARK [1][-]{section.4.2}{Requirement Database}{chapter.4}% 19
\BOOKMARK [1][-]{section.4.3}{Requirement management}{chapter.4}% 20
\BOOKMARK [1][-]{section.4.4}{System Model}{chapter.4}% 21
\BOOKMARK [1][-]{section.4.5}{Interface Definition}{chapter.4}% 22
\BOOKMARK [1][-]{section.4.6}{Functional model}{chapter.4}% 23
\BOOKMARK [1][-]{section.4.7}{TODO Verification and Validation}{chapter.4}% 24
