\BOOKMARK [0][-]{Doc-Start}{Document Information}{}% 1
\BOOKMARK [0][-]{chapter.1}{Introduction}{}% 2
\BOOKMARK [1][-]{section.1.1}{Document purpose}{chapter.1}% 3
\BOOKMARK [1][-]{section.1.2}{Document scope}{chapter.1}% 4
\BOOKMARK [1][-]{section.1.3}{Document organization}{chapter.1}% 5
\BOOKMARK [1][-]{section.1.4}{Investigation axes for improvements}{chapter.1}% 6
\BOOKMARK [2][-]{subsection.1.4.1}{Subset-026 import}{section.1.4}% 7
\BOOKMARK [2][-]{subsection.1.4.2}{Creation of additional OpenETCS requirements}{section.1.4}% 8
\BOOKMARK [2][-]{subsection.1.4.3}{Creation of links between SysML model elements and requirements}{section.1.4}% 9
\BOOKMARK [2][-]{subsection.1.4.4}{Creation of links between SCADE model and requirements}{section.1.4}% 10
\BOOKMARK [1][-]{section.1.5}{Aggregation of traceability links and export}{chapter.1}% 11
\BOOKMARK [2][-]{subsection.1.5.1}{Third alternative traceability solution: ReqCycle}{section.1.5}% 12
\BOOKMARK [2][-]{subsection.1.5.2}{Subset-026 import}{section.1.5}% 13
\BOOKMARK [1][-]{section.1.6}{Creation of additional OpenETCS requirements}{chapter.1}% 14
\BOOKMARK [1][-]{section.1.7}{Creation of links between SysML model elements and requirements}{chapter.1}% 15
\BOOKMARK [1][-]{section.1.8}{Creation of links between SCADE model and requirements}{chapter.1}% 16
\BOOKMARK [1][-]{section.1.9}{Aggregation of traceability links and export}{chapter.1}% 17
\BOOKMARK [0][-]{chapter.2}{Tool evaluations}{}% 18
\BOOKMARK [1][-]{subsection.2.0.1}{TODO ReqCycle Evaluation}{chapter.2}% 19
\BOOKMARK [2][-]{subsection.2.0.2}{TODO Reqtify Evaluation}{subsection.2.0.1}% 20
